<?xml version="1.0" encoding="UTF-8"?>
<robot generator="Robot 3.0.3rc1 (Python 3.6.5 on win32)" generated="20180405 14:03:16.649">
<suite id="s1" name="Login Test" source="C:\Python\Scripts\projects\orange_hrm\features\login_test.robot">
<test id="s1-t1" name="1. Scenario: Click login with no user and password">
<kw name="Give I am on OrangeHRM" library="keyword_login_test">
<kw name="HOME.Load" library="home">
<kw name="Open Browser" library="SeleniumLibrary">
<doc>Opens a new browser instance to the given ``url``.</doc>
<arguments>
<arg>${HOME}</arg>
<arg>${BROWSER}</arg>
</arguments>
<msg timestamp="20180405 14:03:17.112" level="INFO">Opening browser 'chrome' to base url 'http://opensource.demo.orangehrmlive.com/'.</msg>
<status status="PASS" starttime="20180405 14:03:17.111" endtime="20180405 14:03:26.160"></status>
</kw>
<kw name="Maximize Browser Window" library="SeleniumLibrary">
<doc>Maximizes current browser window.</doc>
<status status="PASS" starttime="20180405 14:03:26.160" endtime="20180405 14:03:27.344"></status>
</kw>
<status status="PASS" starttime="20180405 14:03:17.111" endtime="20180405 14:03:27.345"></status>
</kw>
<kw name="HOME.VerifyURL" library="home">
<kw name="Location Should Contain" library="SeleniumLibrary">
<doc>Verifies that current URL contains ``expected``.</doc>
<arguments>
<arg>${HOME}</arg>
</arguments>
<msg timestamp="20180405 14:03:27.361" level="INFO">Current location contains 'http://opensource.demo.orangehrmlive.com/'.</msg>
<status status="PASS" starttime="20180405 14:03:27.346" endtime="20180405 14:03:27.361"></status>
</kw>
<kw name="Sleep" library="BuiltIn">
<doc>Pauses the test executed for the given time.</doc>
<arguments>
<arg>1</arg>
</arguments>
<msg timestamp="20180405 14:03:28.373" level="INFO">Slept 1 second</msg>
<status status="PASS" starttime="20180405 14:03:27.362" endtime="20180405 14:03:28.373"></status>
</kw>
<kw name="Wait Until Page Contains" library="SeleniumLibrary">
<doc>Waits until ``text`` appears on current page.</doc>
<arguments>
<arg>${LOGIN_PANEL_TEXT}</arg>
</arguments>
<status status="PASS" starttime="20180405 14:03:28.373" endtime="20180405 14:03:28.389"></status>
</kw>
<status status="PASS" starttime="20180405 14:03:27.346" endtime="20180405 14:03:28.389"></status>
</kw>
<status status="PASS" starttime="20180405 14:03:17.111" endtime="20180405 14:03:28.389"></status>
</kw>
<kw name="And I click on Login button" library="keyword_login_test">
<kw name="HOME.Click" library="home">
<kw name="Click Button" library="SeleniumLibrary">
<doc>Clicks button identified by ``locator``.</doc>
<arguments>
<arg>${LOGIN_BUTTON}</arg>
</arguments>
<msg timestamp="20180405 14:03:28.389" level="INFO">Clicking button '//*[@id="btnLogin"]'.</msg>
<status status="PASS" starttime="20180405 14:03:28.389" endtime="20180405 14:03:28.470"></status>
</kw>
<status status="PASS" starttime="20180405 14:03:28.389" endtime="20180405 14:03:28.470"></status>
</kw>
<status status="PASS" starttime="20180405 14:03:28.389" endtime="20180405 14:03:28.470"></status>
</kw>
<kw name="Then I should see &quot;Username cannot be empty&quot;" library="keyword_login_test">
<kw name="HOME.ErrorEmptyMessage" library="home">
<kw name="Wait Until Page Contains" library="SeleniumLibrary">
<doc>Waits until ``text`` appears on current page.</doc>
<arguments>
<arg>${ERROR_EMPTY_USER}</arg>
</arguments>
<status status="PASS" starttime="20180405 14:03:28.472" endtime="20180405 14:03:28.497"></status>
</kw>
<status status="PASS" starttime="20180405 14:03:28.472" endtime="20180405 14:03:28.498"></status>
</kw>
<status status="PASS" starttime="20180405 14:03:28.471" endtime="20180405 14:03:28.498"></status>
</kw>
<kw name="Close Browser" library="SeleniumLibrary" type="teardown">
<doc>Closes the current browser.</doc>
<status status="PASS" starttime="20180405 14:03:28.499" endtime="20180405 14:03:31.581"></status>
</kw>
<tags>
<tag>noCredentials</tag>
</tags>
<status status="PASS" starttime="20180405 14:03:17.110" endtime="20180405 14:03:31.581" critical="yes"></status>
</test>
<test id="s1-t2" name="2. Scenario: Click login with no password">
<kw name="Give I am on OrangeHRM" library="keyword_login_test">
<kw name="HOME.Load" library="home">
<kw name="Open Browser" library="SeleniumLibrary">
<doc>Opens a new browser instance to the given ``url``.</doc>
<arguments>
<arg>${HOME}</arg>
<arg>${BROWSER}</arg>
</arguments>
<msg timestamp="20180405 14:03:31.581" level="INFO">Opening browser 'chrome' to base url 'http://opensource.demo.orangehrmlive.com/'.</msg>
<status status="PASS" starttime="20180405 14:03:31.581" endtime="20180405 14:03:38.780"></status>
</kw>
<kw name="Maximize Browser Window" library="SeleniumLibrary">
<doc>Maximizes current browser window.</doc>
<status status="PASS" starttime="20180405 14:03:38.780" endtime="20180405 14:03:39.953"></status>
</kw>
<status status="PASS" starttime="20180405 14:03:31.581" endtime="20180405 14:03:39.953"></status>
</kw>
<kw name="HOME.VerifyURL" library="home">
<kw name="Location Should Contain" library="SeleniumLibrary">
<doc>Verifies that current URL contains ``expected``.</doc>
<arguments>
<arg>${HOME}</arg>
</arguments>
<msg timestamp="20180405 14:03:39.970" level="INFO">Current location contains 'http://opensource.demo.orangehrmlive.com/'.</msg>
<status status="PASS" starttime="20180405 14:03:39.955" endtime="20180405 14:03:39.971"></status>
</kw>
<kw name="Sleep" library="BuiltIn">
<doc>Pauses the test executed for the given time.</doc>
<arguments>
<arg>1</arg>
</arguments>
<msg timestamp="20180405 14:03:40.986" level="INFO">Slept 1 second</msg>
<status status="PASS" starttime="20180405 14:03:39.971" endtime="20180405 14:03:40.986"></status>
</kw>
<kw name="Wait Until Page Contains" library="SeleniumLibrary">
<doc>Waits until ``text`` appears on current page.</doc>
<arguments>
<arg>${LOGIN_PANEL_TEXT}</arg>
</arguments>
<status status="PASS" starttime="20180405 14:03:40.986" endtime="20180405 14:03:41.002"></status>
</kw>
<status status="PASS" starttime="20180405 14:03:39.954" endtime="20180405 14:03:41.002"></status>
</kw>
<status status="PASS" starttime="20180405 14:03:31.581" endtime="20180405 14:03:41.002"></status>
</kw>
<kw name="And I fill the user field with &quot;admin&quot;" library="keyword_login_test">
<kw name="HOME.InputUserAdmin" library="home">
<arguments>
<arg>${USER_ADMIN}</arg>
</arguments>
<kw name="Input Text" library="SeleniumLibrary">
<doc>Types the given ``text`` into text field identified by ``locator``.</doc>
<arguments>
<arg>${FIELD_ADMIN}</arg>
<arg>${INPUT_USER_ADMIN}</arg>
</arguments>
<msg timestamp="20180405 14:03:41.002" level="INFO">Typing text 'admin' into text field 'txtUsername'.</msg>
<status status="PASS" starttime="20180405 14:03:41.002" endtime="20180405 14:03:41.111"></status>
</kw>
<status status="PASS" starttime="20180405 14:03:41.002" endtime="20180405 14:03:41.111"></status>
</kw>
<status status="PASS" starttime="20180405 14:03:41.002" endtime="20180405 14:03:41.111"></status>
</kw>
<kw name="And I click on Login button" library="keyword_login_test">
<kw name="HOME.Click" library="home">
<kw name="Click Button" library="SeleniumLibrary">
<doc>Clicks button identified by ``locator``.</doc>
<arguments>
<arg>${LOGIN_BUTTON}</arg>
</arguments>
<msg timestamp="20180405 14:03:41.112" level="INFO">Clicking button '//*[@id="btnLogin"]'.</msg>
<status status="PASS" starttime="20180405 14:03:41.112" endtime="20180405 14:03:41.190"></status>
</kw>
<status status="PASS" starttime="20180405 14:03:41.112" endtime="20180405 14:03:41.190"></status>
</kw>
<status status="PASS" starttime="20180405 14:03:41.111" endtime="20180405 14:03:41.191"></status>
</kw>
<kw name="Then I should see &quot;Password cannot be empty&quot;" library="keyword_login_test">
<kw name="HOME.ErrorEmptyPassword" library="home">
<kw name="Wait Until Page Contains" library="SeleniumLibrary">
<doc>Waits until ``text`` appears on current page.</doc>
<arguments>
<arg>${ERROR_EMPTY_PASSWORD}</arg>
</arguments>
<status status="PASS" starttime="20180405 14:03:41.192" endtime="20180405 14:03:41.212"></status>
</kw>
<status status="PASS" starttime="20180405 14:03:41.191" endtime="20180405 14:03:41.212"></status>
</kw>
<status status="PASS" starttime="20180405 14:03:41.191" endtime="20180405 14:03:41.212"></status>
</kw>
<kw name="Close Browser" library="SeleniumLibrary" type="teardown">
<doc>Closes the current browser.</doc>
<status status="PASS" starttime="20180405 14:03:41.213" endtime="20180405 14:03:44.326"></status>
</kw>
<tags>
<tag>onlyUser</tag>
</tags>
<status status="PASS" starttime="20180405 14:03:31.581" endtime="20180405 14:03:44.326" critical="yes"></status>
</test>
<test id="s1-t3" name="3. Scenario: Click login with no admin">
<kw name="Give I am on OrangeHRM" library="keyword_login_test">
<kw name="HOME.Load" library="home">
<kw name="Open Browser" library="SeleniumLibrary">
<doc>Opens a new browser instance to the given ``url``.</doc>
<arguments>
<arg>${HOME}</arg>
<arg>${BROWSER}</arg>
</arguments>
<msg timestamp="20180405 14:03:44.330" level="INFO">Opening browser 'chrome' to base url 'http://opensource.demo.orangehrmlive.com/'.</msg>
<status status="PASS" starttime="20180405 14:03:44.329" endtime="20180405 14:03:52.657"></status>
</kw>
<kw name="Maximize Browser Window" library="SeleniumLibrary">
<doc>Maximizes current browser window.</doc>
<status status="PASS" starttime="20180405 14:03:52.658" endtime="20180405 14:03:53.857"></status>
</kw>
<status status="PASS" starttime="20180405 14:03:44.329" endtime="20180405 14:03:53.857"></status>
</kw>
<kw name="HOME.VerifyURL" library="home">
<kw name="Location Should Contain" library="SeleniumLibrary">
<doc>Verifies that current URL contains ``expected``.</doc>
<arguments>
<arg>${HOME}</arg>
</arguments>
<msg timestamp="20180405 14:03:53.880" level="INFO">Current location contains 'http://opensource.demo.orangehrmlive.com/'.</msg>
<status status="PASS" starttime="20180405 14:03:53.860" endtime="20180405 14:03:53.881"></status>
</kw>
<kw name="Sleep" library="BuiltIn">
<doc>Pauses the test executed for the given time.</doc>
<arguments>
<arg>1</arg>
</arguments>
<msg timestamp="20180405 14:03:54.884" level="INFO">Slept 1 second</msg>
<status status="PASS" starttime="20180405 14:03:53.882" endtime="20180405 14:03:54.884"></status>
</kw>
<kw name="Wait Until Page Contains" library="SeleniumLibrary">
<doc>Waits until ``text`` appears on current page.</doc>
<arguments>
<arg>${LOGIN_PANEL_TEXT}</arg>
</arguments>
<status status="PASS" starttime="20180405 14:03:54.884" endtime="20180405 14:03:54.889"></status>
</kw>
<status status="PASS" starttime="20180405 14:03:53.858" endtime="20180405 14:03:54.889"></status>
</kw>
<status status="PASS" starttime="20180405 14:03:44.329" endtime="20180405 14:03:54.889"></status>
</kw>
<kw name="And I fill the password field with &quot;admin&quot;" library="keyword_login_test">
<kw name="HOME.InputPasswordAdmin" library="home">
<arguments>
<arg>${PASSWORD_ADMIN}</arg>
</arguments>
<kw name="Input Text" library="SeleniumLibrary">
<doc>Types the given ``text`` into text field identified by ``locator``.</doc>
<arguments>
<arg>${FIELD_PASSWORD}</arg>
<arg>${INPUT_PASSWORD_ADMIN}</arg>
</arguments>
<msg timestamp="20180405 14:03:54.889" level="INFO">Typing text 'admin' into text field 'txtPassword'.</msg>
<status status="PASS" starttime="20180405 14:03:54.889" endtime="20180405 14:03:55.003"></status>
</kw>
<status status="PASS" starttime="20180405 14:03:54.889" endtime="20180405 14:03:55.003"></status>
</kw>
<status status="PASS" starttime="20180405 14:03:54.889" endtime="20180405 14:03:55.004"></status>
</kw>
<kw name="And I click on Login button" library="keyword_login_test">
<kw name="HOME.Click" library="home">
<kw name="Click Button" library="SeleniumLibrary">
<doc>Clicks button identified by ``locator``.</doc>
<arguments>
<arg>${LOGIN_BUTTON}</arg>
</arguments>
<msg timestamp="20180405 14:03:55.005" level="INFO">Clicking button '//*[@id="btnLogin"]'.</msg>
<status status="PASS" starttime="20180405 14:03:55.005" endtime="20180405 14:03:55.085"></status>
</kw>
<status status="PASS" starttime="20180405 14:03:55.005" endtime="20180405 14:03:55.086"></status>
</kw>
<status status="PASS" starttime="20180405 14:03:55.004" endtime="20180405 14:03:55.086"></status>
</kw>
<kw name="Then I should see &quot;Username cannot be empty&quot;" library="keyword_login_test">
<kw name="HOME.ErrorEmptyMessage" library="home">
<kw name="Wait Until Page Contains" library="SeleniumLibrary">
<doc>Waits until ``text`` appears on current page.</doc>
<arguments>
<arg>${ERROR_EMPTY_USER}</arg>
</arguments>
<status status="PASS" starttime="20180405 14:03:55.087" endtime="20180405 14:03:55.115"></status>
</kw>
<status status="PASS" starttime="20180405 14:03:55.087" endtime="20180405 14:03:55.115"></status>
</kw>
<status status="PASS" starttime="20180405 14:03:55.086" endtime="20180405 14:03:55.116"></status>
</kw>
<kw name="Close Browser" library="SeleniumLibrary" type="teardown">
<doc>Closes the current browser.</doc>
<status status="PASS" starttime="20180405 14:03:55.116" endtime="20180405 14:03:58.186"></status>
</kw>
<tags>
<tag>onlyPassword</tag>
</tags>
<status status="PASS" starttime="20180405 14:03:44.328" endtime="20180405 14:03:58.187" critical="yes"></status>
</test>
<test id="s1-t4" name="4. Scenario: Invalid Username">
<kw name="Give I am on OrangeHRM" library="keyword_login_test">
<kw name="HOME.Load" library="home">
<kw name="Open Browser" library="SeleniumLibrary">
<doc>Opens a new browser instance to the given ``url``.</doc>
<arguments>
<arg>${HOME}</arg>
<arg>${BROWSER}</arg>
</arguments>
<msg timestamp="20180405 14:03:58.190" level="INFO">Opening browser 'chrome' to base url 'http://opensource.demo.orangehrmlive.com/'.</msg>
<status status="PASS" starttime="20180405 14:03:58.190" endtime="20180405 14:04:05.544"></status>
</kw>
<kw name="Maximize Browser Window" library="SeleniumLibrary">
<doc>Maximizes current browser window.</doc>
<status status="PASS" starttime="20180405 14:04:05.544" endtime="20180405 14:04:06.747"></status>
</kw>
<status status="PASS" starttime="20180405 14:03:58.190" endtime="20180405 14:04:06.747"></status>
</kw>
<kw name="HOME.VerifyURL" library="home">
<kw name="Location Should Contain" library="SeleniumLibrary">
<doc>Verifies that current URL contains ``expected``.</doc>
<arguments>
<arg>${HOME}</arg>
</arguments>
<msg timestamp="20180405 14:04:06.773" level="INFO">Current location contains 'http://opensource.demo.orangehrmlive.com/'.</msg>
<status status="PASS" starttime="20180405 14:04:06.748" endtime="20180405 14:04:06.773"></status>
</kw>
<kw name="Sleep" library="BuiltIn">
<doc>Pauses the test executed for the given time.</doc>
<arguments>
<arg>1</arg>
</arguments>
<msg timestamp="20180405 14:04:07.780" level="INFO">Slept 1 second</msg>
<status status="PASS" starttime="20180405 14:04:06.774" endtime="20180405 14:04:07.780"></status>
</kw>
<kw name="Wait Until Page Contains" library="SeleniumLibrary">
<doc>Waits until ``text`` appears on current page.</doc>
<arguments>
<arg>${LOGIN_PANEL_TEXT}</arg>
</arguments>
<status status="PASS" starttime="20180405 14:04:07.780" endtime="20180405 14:04:07.795"></status>
</kw>
<status status="PASS" starttime="20180405 14:04:06.747" endtime="20180405 14:04:07.795"></status>
</kw>
<status status="PASS" starttime="20180405 14:03:58.189" endtime="20180405 14:04:07.795"></status>
</kw>
<kw name="And I fill the user field with &quot;adminT&quot;" library="keyword_login_test">
<kw name="HOME.InputUserAdmin" library="home">
<arguments>
<arg>${INVALID_USER}</arg>
</arguments>
<kw name="Input Text" library="SeleniumLibrary">
<doc>Types the given ``text`` into text field identified by ``locator``.</doc>
<arguments>
<arg>${FIELD_ADMIN}</arg>
<arg>${INPUT_USER_ADMIN}</arg>
</arguments>
<msg timestamp="20180405 14:04:07.795" level="INFO">Typing text 'adminT' into text field 'txtUsername'.</msg>
<status status="PASS" starttime="20180405 14:04:07.795" endtime="20180405 14:04:07.907"></status>
</kw>
<status status="PASS" starttime="20180405 14:04:07.795" endtime="20180405 14:04:07.907"></status>
</kw>
<status status="PASS" starttime="20180405 14:04:07.795" endtime="20180405 14:04:07.907"></status>
</kw>
<kw name="And I fill the password field with &quot;admin&quot;" library="keyword_login_test">
<kw name="HOME.InputPasswordAdmin" library="home">
<arguments>
<arg>${PASSWORD_ADMIN}</arg>
</arguments>
<kw name="Input Text" library="SeleniumLibrary">
<doc>Types the given ``text`` into text field identified by ``locator``.</doc>
<arguments>
<arg>${FIELD_PASSWORD}</arg>
<arg>${INPUT_PASSWORD_ADMIN}</arg>
</arguments>
<msg timestamp="20180405 14:04:07.909" level="INFO">Typing text 'admin' into text field 'txtPassword'.</msg>
<status status="PASS" starttime="20180405 14:04:07.909" endtime="20180405 14:04:08.000"></status>
</kw>
<status status="PASS" starttime="20180405 14:04:07.908" endtime="20180405 14:04:08.001"></status>
</kw>
<status status="PASS" starttime="20180405 14:04:07.908" endtime="20180405 14:04:08.001"></status>
</kw>
<kw name="And I click on Login button" library="keyword_login_test">
<kw name="HOME.Click" library="home">
<kw name="Click Button" library="SeleniumLibrary">
<doc>Clicks button identified by ``locator``.</doc>
<arguments>
<arg>${LOGIN_BUTTON}</arg>
</arguments>
<msg timestamp="20180405 14:04:08.003" level="INFO">Clicking button '//*[@id="btnLogin"]'.</msg>
<status status="PASS" starttime="20180405 14:04:08.003" endtime="20180405 14:04:08.647"></status>
</kw>
<status status="PASS" starttime="20180405 14:04:08.002" endtime="20180405 14:04:08.647"></status>
</kw>
<status status="PASS" starttime="20180405 14:04:08.001" endtime="20180405 14:04:08.648"></status>
</kw>
<kw name="Then I should see &quot;Invalid Credentials&quot;" library="keyword_login_test">
<kw name="HOME.ErrorInvalidCredentials" library="home">
<kw name="Wait Until Page Contains" library="SeleniumLibrary">
<doc>Waits until ``text`` appears on current page.</doc>
<arguments>
<arg>${ERROR_INVALID_CREDENTIALS}</arg>
</arguments>
<status status="PASS" starttime="20180405 14:04:08.650" endtime="20180405 14:04:08.669"></status>
</kw>
<status status="PASS" starttime="20180405 14:04:08.649" endtime="20180405 14:04:08.669"></status>
</kw>
<status status="PASS" starttime="20180405 14:04:08.649" endtime="20180405 14:04:08.669"></status>
</kw>
<kw name="Close Browser" library="SeleniumLibrary" type="teardown">
<doc>Closes the current browser.</doc>
<status status="PASS" starttime="20180405 14:04:08.670" endtime="20180405 14:04:11.750"></status>
</kw>
<tags>
<tag>invalidUser</tag>
</tags>
<status status="PASS" starttime="20180405 14:03:58.188" endtime="20180405 14:04:11.750" critical="yes"></status>
</test>
<test id="s1-t5" name="5. Scenario: Invalid Password">
<kw name="Give I am on OrangeHRM" library="keyword_login_test">
<kw name="HOME.Load" library="home">
<kw name="Open Browser" library="SeleniumLibrary">
<doc>Opens a new browser instance to the given ``url``.</doc>
<arguments>
<arg>${HOME}</arg>
<arg>${BROWSER}</arg>
</arguments>
<msg timestamp="20180405 14:04:11.754" level="INFO">Opening browser 'chrome' to base url 'http://opensource.demo.orangehrmlive.com/'.</msg>
<status status="PASS" starttime="20180405 14:04:11.753" endtime="20180405 14:04:18.892"></status>
</kw>
<kw name="Maximize Browser Window" library="SeleniumLibrary">
<doc>Maximizes current browser window.</doc>
<status status="PASS" starttime="20180405 14:04:18.893" endtime="20180405 14:04:20.071"></status>
</kw>
<status status="PASS" starttime="20180405 14:04:11.753" endtime="20180405 14:04:20.071"></status>
</kw>
<kw name="HOME.VerifyURL" library="home">
<kw name="Location Should Contain" library="SeleniumLibrary">
<doc>Verifies that current URL contains ``expected``.</doc>
<arguments>
<arg>${HOME}</arg>
</arguments>
<msg timestamp="20180405 14:04:20.093" level="INFO">Current location contains 'http://opensource.demo.orangehrmlive.com/'.</msg>
<status status="PASS" starttime="20180405 14:04:20.072" endtime="20180405 14:04:20.093"></status>
</kw>
<kw name="Sleep" library="BuiltIn">
<doc>Pauses the test executed for the given time.</doc>
<arguments>
<arg>1</arg>
</arguments>
<msg timestamp="20180405 14:04:21.095" level="INFO">Slept 1 second</msg>
<status status="PASS" starttime="20180405 14:04:20.094" endtime="20180405 14:04:21.095"></status>
</kw>
<kw name="Wait Until Page Contains" library="SeleniumLibrary">
<doc>Waits until ``text`` appears on current page.</doc>
<arguments>
<arg>${LOGIN_PANEL_TEXT}</arg>
</arguments>
<status status="PASS" starttime="20180405 14:04:21.096" endtime="20180405 14:04:21.121"></status>
</kw>
<status status="PASS" starttime="20180405 14:04:20.072" endtime="20180405 14:04:21.121"></status>
</kw>
<status status="PASS" starttime="20180405 14:04:11.753" endtime="20180405 14:04:21.121"></status>
</kw>
<kw name="And I fill the user field with &quot;admin&quot;" library="keyword_login_test">
<kw name="HOME.InputUserAdmin" library="home">
<arguments>
<arg>${USER_ADMIN}</arg>
</arguments>
<kw name="Input Text" library="SeleniumLibrary">
<doc>Types the given ``text`` into text field identified by ``locator``.</doc>
<arguments>
<arg>${FIELD_ADMIN}</arg>
<arg>${INPUT_USER_ADMIN}</arg>
</arguments>
<msg timestamp="20180405 14:04:21.123" level="INFO">Typing text 'admin' into text field 'txtUsername'.</msg>
<status status="PASS" starttime="20180405 14:04:21.122" endtime="20180405 14:04:21.238"></status>
</kw>
<status status="PASS" starttime="20180405 14:04:21.122" endtime="20180405 14:04:21.238"></status>
</kw>
<status status="PASS" starttime="20180405 14:04:21.122" endtime="20180405 14:04:21.238"></status>
</kw>
<kw name="And I fill the password field with &quot;admin123&quot;" library="keyword_login_test">
<kw name="HOME.InputPasswordAdmin" library="home">
<arguments>
<arg>${INVALID_PASS}</arg>
</arguments>
<kw name="Input Text" library="SeleniumLibrary">
<doc>Types the given ``text`` into text field identified by ``locator``.</doc>
<arguments>
<arg>${FIELD_PASSWORD}</arg>
<arg>${INPUT_PASSWORD_ADMIN}</arg>
</arguments>
<msg timestamp="20180405 14:04:21.240" level="INFO">Typing text 'admin123' into text field 'txtPassword'.</msg>
<status status="PASS" starttime="20180405 14:04:21.240" endtime="20180405 14:04:21.349"></status>
</kw>
<status status="PASS" starttime="20180405 14:04:21.239" endtime="20180405 14:04:21.350"></status>
</kw>
<status status="PASS" starttime="20180405 14:04:21.239" endtime="20180405 14:04:21.350"></status>
</kw>
<kw name="And I click on Login button" library="keyword_login_test">
<kw name="HOME.Click" library="home">
<kw name="Click Button" library="SeleniumLibrary">
<doc>Clicks button identified by ``locator``.</doc>
<arguments>
<arg>${LOGIN_BUTTON}</arg>
</arguments>
<msg timestamp="20180405 14:04:21.352" level="INFO">Clicking button '//*[@id="btnLogin"]'.</msg>
<status status="PASS" starttime="20180405 14:04:21.352" endtime="20180405 14:04:22.238"></status>
</kw>
<status status="PASS" starttime="20180405 14:04:21.352" endtime="20180405 14:04:22.238"></status>
</kw>
<status status="PASS" starttime="20180405 14:04:21.351" endtime="20180405 14:04:22.238"></status>
</kw>
<kw name="Then I should see &quot;Invalid Credentials&quot;" library="keyword_login_test">
<kw name="HOME.ErrorInvalidCredentials" library="home">
<kw name="Wait Until Page Contains" library="SeleniumLibrary">
<doc>Waits until ``text`` appears on current page.</doc>
<arguments>
<arg>${ERROR_INVALID_CREDENTIALS}</arg>
</arguments>
<status status="PASS" starttime="20180405 14:04:22.240" endtime="20180405 14:04:22.270"></status>
</kw>
<status status="PASS" starttime="20180405 14:04:22.239" endtime="20180405 14:04:22.270"></status>
</kw>
<status status="PASS" starttime="20180405 14:04:22.239" endtime="20180405 14:04:22.270"></status>
</kw>
<kw name="Close Browser" library="SeleniumLibrary" type="teardown">
<doc>Closes the current browser.</doc>
<status status="PASS" starttime="20180405 14:04:22.271" endtime="20180405 14:04:25.343"></status>
</kw>
<tags>
<tag>invalidPassword</tag>
</tags>
<status status="PASS" starttime="20180405 14:04:11.752" endtime="20180405 14:04:25.344" critical="yes"></status>
</test>
<test id="s1-t6" name="6. Scenario: Login Successfully">
<kw name="Give I am on OrangeHRM" library="keyword_login_test">
<kw name="HOME.Load" library="home">
<kw name="Open Browser" library="SeleniumLibrary">
<doc>Opens a new browser instance to the given ``url``.</doc>
<arguments>
<arg>${HOME}</arg>
<arg>${BROWSER}</arg>
</arguments>
<msg timestamp="20180405 14:04:25.348" level="INFO">Opening browser 'chrome' to base url 'http://opensource.demo.orangehrmlive.com/'.</msg>
<status status="PASS" starttime="20180405 14:04:25.348" endtime="20180405 14:04:33.471"></status>
</kw>
<kw name="Maximize Browser Window" library="SeleniumLibrary">
<doc>Maximizes current browser window.</doc>
<status status="PASS" starttime="20180405 14:04:33.472" endtime="20180405 14:04:34.661"></status>
</kw>
<status status="PASS" starttime="20180405 14:04:25.347" endtime="20180405 14:04:34.661"></status>
</kw>
<kw name="HOME.VerifyURL" library="home">
<kw name="Location Should Contain" library="SeleniumLibrary">
<doc>Verifies that current URL contains ``expected``.</doc>
<arguments>
<arg>${HOME}</arg>
</arguments>
<msg timestamp="20180405 14:04:34.678" level="INFO">Current location contains 'http://opensource.demo.orangehrmlive.com/'.</msg>
<status status="PASS" starttime="20180405 14:04:34.662" endtime="20180405 14:04:34.678"></status>
</kw>
<kw name="Sleep" library="BuiltIn">
<doc>Pauses the test executed for the given time.</doc>
<arguments>
<arg>1</arg>
</arguments>
<msg timestamp="20180405 14:04:35.687" level="INFO">Slept 1 second</msg>
<status status="PASS" starttime="20180405 14:04:34.678" endtime="20180405 14:04:35.687"></status>
</kw>
<kw name="Wait Until Page Contains" library="SeleniumLibrary">
<doc>Waits until ``text`` appears on current page.</doc>
<arguments>
<arg>${LOGIN_PANEL_TEXT}</arg>
</arguments>
<status status="PASS" starttime="20180405 14:04:35.687" endtime="20180405 14:04:35.703"></status>
</kw>
<status status="PASS" starttime="20180405 14:04:34.661" endtime="20180405 14:04:35.703"></status>
</kw>
<status status="PASS" starttime="20180405 14:04:25.347" endtime="20180405 14:04:35.703"></status>
</kw>
<kw name="And I fill the user field with &quot;admin&quot;" library="keyword_login_test">
<kw name="HOME.InputUserAdmin" library="home">
<arguments>
<arg>${USER_ADMIN}</arg>
</arguments>
<kw name="Input Text" library="SeleniumLibrary">
<doc>Types the given ``text`` into text field identified by ``locator``.</doc>
<arguments>
<arg>${FIELD_ADMIN}</arg>
<arg>${INPUT_USER_ADMIN}</arg>
</arguments>
<msg timestamp="20180405 14:04:35.703" level="INFO">Typing text 'admin' into text field 'txtUsername'.</msg>
<status status="PASS" starttime="20180405 14:04:35.703" endtime="20180405 14:04:35.806"></status>
</kw>
<status status="PASS" starttime="20180405 14:04:35.703" endtime="20180405 14:04:35.806"></status>
</kw>
<status status="PASS" starttime="20180405 14:04:35.703" endtime="20180405 14:04:35.807"></status>
</kw>
<kw name="And I fill the password field with &quot;admin&quot;" library="keyword_login_test">
<kw name="HOME.InputPasswordAdmin" library="home">
<arguments>
<arg>${PASSWORD_ADMIN}</arg>
</arguments>
<kw name="Input Text" library="SeleniumLibrary">
<doc>Types the given ``text`` into text field identified by ``locator``.</doc>
<arguments>
<arg>${FIELD_PASSWORD}</arg>
<arg>${INPUT_PASSWORD_ADMIN}</arg>
</arguments>
<msg timestamp="20180405 14:04:35.809" level="INFO">Typing text 'admin' into text field 'txtPassword'.</msg>
<status status="PASS" starttime="20180405 14:04:35.808" endtime="20180405 14:04:35.905"></status>
</kw>
<status status="PASS" starttime="20180405 14:04:35.808" endtime="20180405 14:04:35.905"></status>
</kw>
<status status="PASS" starttime="20180405 14:04:35.807" endtime="20180405 14:04:35.905"></status>
</kw>
<kw name="And I click on Login button" library="keyword_login_test">
<kw name="HOME.Click" library="home">
<kw name="Click Button" library="SeleniumLibrary">
<doc>Clicks button identified by ``locator``.</doc>
<arguments>
<arg>${LOGIN_BUTTON}</arg>
</arguments>
<msg timestamp="20180405 14:04:35.907" level="INFO">Clicking button '//*[@id="btnLogin"]'.</msg>
<status status="PASS" starttime="20180405 14:04:35.907" endtime="20180405 14:04:38.629"></status>
</kw>
<status status="PASS" starttime="20180405 14:04:35.906" endtime="20180405 14:04:38.630"></status>
</kw>
<status status="PASS" starttime="20180405 14:04:35.906" endtime="20180405 14:04:38.630"></status>
</kw>
<kw name="Then I should see &quot;Welcome Admin&quot;" library="keyword_login_test">
<kw name="HOME.WELCOME" library="home">
<kw name="Wait Until Page Contains" library="SeleniumLibrary">
<doc>Waits until ``text`` appears on current page.</doc>
<arguments>
<arg>${WELCOME}</arg>
</arguments>
<status status="PASS" starttime="20180405 14:04:38.632" endtime="20180405 14:04:38.665"></status>
</kw>
<status status="PASS" starttime="20180405 14:04:38.631" endtime="20180405 14:04:38.665"></status>
</kw>
<status status="PASS" starttime="20180405 14:04:38.631" endtime="20180405 14:04:38.665"></status>
</kw>
<kw name="Close Browser" library="SeleniumLibrary" type="teardown">
<doc>Closes the current browser.</doc>
<status status="PASS" starttime="20180405 14:04:38.666" endtime="20180405 14:04:41.783"></status>
</kw>
<tags>
<tag>loginSuccess</tag>
</tags>
<status status="PASS" starttime="20180405 14:04:25.345" endtime="20180405 14:04:41.783" critical="yes"></status>
</test>
<doc>Acessar OrangeHRM site e fazer login</doc>
<status status="PASS" starttime="20180405 14:03:16.649" endtime="20180405 14:04:41.783"></status>
</suite>
<statistics>
<total>
<stat pass="6" fail="0">Critical Tests</stat>
<stat pass="6" fail="0">All Tests</stat>
</total>
<tag>
<stat pass="1" fail="0">invalidPassword</stat>
<stat pass="1" fail="0">invalidUser</stat>
<stat pass="1" fail="0">loginSuccess</stat>
<stat pass="1" fail="0">noCredentials</stat>
<stat pass="1" fail="0">onlyPassword</stat>
<stat pass="1" fail="0">onlyUser</stat>
</tag>
<suite>
<stat pass="6" fail="0" id="s1" name="Login Test">Login Test</stat>
</suite>
</statistics>
<errors>
</errors>
</robot>
